[debug] [2017-11-26T18:55:19.626Z] ----------------------------------------------------------------------
[debug] [2017-11-26T18:55:19.629Z] Command:       /usr/bin/node /usr/bin/firebase serve
[debug] [2017-11-26T18:55:19.629Z] CLI Version:   3.15.3
[debug] [2017-11-26T18:55:19.629Z] Platform:      linux
[debug] [2017-11-26T18:55:19.629Z] Node Version:  v9.2.0
[debug] [2017-11-26T18:55:19.629Z] Time:          Sun Nov 26 2017 12:55:19 GMT-0600 (CST)
[debug] [2017-11-26T18:55:19.629Z] ----------------------------------------------------------------------
[debug] 
[debug] [2017-11-26T18:55:19.645Z] > command requires scopes: ["email","openid","https://www.googleapis.com/auth/cloudplatformprojects.readonly","https://www.googleapis.com/auth/firebase","https://www.googleapis.com/auth/cloud-platform"]
[debug] [2017-11-26T18:55:19.646Z] > authorizing via signed-in user
[debug] [2017-11-26T18:55:19.649Z] >>> HTTP REQUEST GET https://admin.firebase.com/v1/projects/top-gift-exchange  
 Sun Nov 26 2017 12:55:19 GMT-0600 (CST)
[debug] [2017-11-26T18:55:20.231Z] <<< HTTP RESPONSE 200
[debug] [2017-11-26T18:55:20.233Z] >>> HTTP REQUEST GET https://admin.firebase.com/v1/database/top-gift-exchange/tokens  
 Sun Nov 26 2017 12:55:20 GMT-0600 (CST)
[debug] [2017-11-26T18:55:20.733Z] <<< HTTP RESPONSE 200
[info] 
[info] === Serving from '/home/briggs/Projects/gift-exchange'...
[info] 
[debug] [2017-11-26T18:55:20.740Z] >>> HTTP REQUEST GET https://cloudresourcemanager.googleapis.com/v1/projects/top-gift-exchange  
 Sun Nov 26 2017 12:55:20 GMT-0600 (CST)
[debug] [2017-11-26T18:55:21.082Z] <<< HTTP RESPONSE 200
[debug] [2017-11-26T18:55:21.083Z] >>> HTTP REQUEST GET https://mobilesdk-pa.googleapis.com/v1/projects/553705396552/clients/_:getWebAppConfig  
 Sun Nov 26 2017 12:55:21 GMT-0600 (CST)
[debug] [2017-11-26T18:55:21.577Z] <<< HTTP RESPONSE 200
[info] i  hosting: Serving hosting files from: public
[info] ✔  hosting: Local server: http://localhost:5000

